  Enemy_array.c
C:\Users\jazzt\Documents\GitHub\Skeleton-Party\Skeleton_Party\game.h(13,5): error C2061: syntax error: identifier 'CP_Vector'
C:\Users\jazzt\Documents\GitHub\Skeleton-Party\Skeleton_Party\game.h(14,14): error C2061: syntax error: identifier 'sprite'
C:\Users\jazzt\Documents\GitHub\Skeleton-Party\Skeleton_Party\game.h(14,14): error C2059: syntax error: ';'
C:\Users\jazzt\Documents\GitHub\Skeleton-Party\Skeleton_Party\game.h(17,1): error C2059: syntax error: '}'
C:\Users\jazzt\Documents\GitHub\Skeleton-Party\Skeleton_Party\game.h(19,18): error C2079: 'knight' uses undefined struct 'character'
C:\Users\jazzt\Documents\GitHub\Skeleton-Party\Skeleton_Party\game.h(23,2): error C2061: syntax error: identifier 'CP_Vector'
C:\Users\jazzt\Documents\GitHub\Skeleton-Party\Skeleton_Party\game.h(24,11): error C2061: syntax error: identifier 'enemyDesign'
C:\Users\jazzt\Documents\GitHub\Skeleton-Party\Skeleton_Party\game.h(24,11): error C2059: syntax error: ';'
C:\Users\jazzt\Documents\GitHub\Skeleton-Party\Skeleton_Party\game.h(25,11): error C2061: syntax error: identifier 'enemyDead'
C:\Users\jazzt\Documents\GitHub\Skeleton-Party\Skeleton_Party\game.h(25,11): error C2059: syntax error: ';'
C:\Users\jazzt\Documents\GitHub\Skeleton-Party\Skeleton_Party\game.h(28,1): error C2059: syntax error: '}'
C:\Users\jazzt\Documents\GitHub\Skeleton-Party\Skeleton_Party\game.h(65,6): error C2061: syntax error: identifier 'CheckIfBoxesOverlap'
C:\Users\jazzt\Documents\GitHub\Skeleton-Party\Skeleton_Party\game.h(65,6): error C2059: syntax error: ';'
C:\Users\jazzt\Documents\GitHub\Skeleton-Party\Skeleton_Party\game.h(65,32): error C2059: syntax error: '<parameter-list>'
C:\Users\jazzt\Documents\GitHub\Skeleton-Party\Skeleton_Party\game.h(68,6): error C2061: syntax error: identifier 'CheckCollisionWithBox'
C:\Users\jazzt\Documents\GitHub\Skeleton-Party\Skeleton_Party\game.h(68,6): error C2059: syntax error: ';'
C:\Users\jazzt\Documents\GitHub\Skeleton-Party\Skeleton_Party\game.h(68,34): error C2059: syntax error: '<parameter-list>'
C:\Users\jazzt\Documents\GitHub\Skeleton-Party\Skeleton_Party\game.h(76,29): error C2146: syntax error: missing ')' before identifier 'position'
C:\Users\jazzt\Documents\GitHub\Skeleton-Party\Skeleton_Party\game.h(76,29): error C2061: syntax error: identifier 'position'
C:\Users\jazzt\Documents\GitHub\Skeleton-Party\Skeleton_Party\game.h(76,29): error C2059: syntax error: ';'
C:\Users\jazzt\Documents\GitHub\Skeleton-Party\Skeleton_Party\game.h(76,37): error C2059: syntax error: ','
C:\Users\jazzt\Documents\GitHub\Skeleton-Party\Skeleton_Party\game.h(76,55): error C2059: syntax error: ')'
C:\Users\jazzt\Documents\GitHub\Skeleton-Party\Skeleton_Party\game.h(83,40): error C2146: syntax error: missing ')' before identifier 'position'
C:\Users\jazzt\Documents\GitHub\Skeleton-Party\Skeleton_Party\game.h(83,40): error C2061: syntax error: identifier 'position'
C:\Users\jazzt\Documents\GitHub\Skeleton-Party\Skeleton_Party\game.h(83,40): error C2059: syntax error: ';'
C:\Users\jazzt\Documents\GitHub\Skeleton-Party\Skeleton_Party\game.h(83,48): error C2059: syntax error: ')'
C:\Users\jazzt\Documents\GitHub\Skeleton-Party\Skeleton_Party\game.h(90,11): error C2061: syntax error: identifier 'rotate_vector'
C:\Users\jazzt\Documents\GitHub\Skeleton-Party\Skeleton_Party\game.h(90,11): error C2059: syntax error: ';'
C:\Users\jazzt\Documents\GitHub\Skeleton-Party\Skeleton_Party\game.h(90,31): error C2059: syntax error: '<parameter-list>'
C:\Users\jazzt\Documents\GitHub\Skeleton-Party\Skeleton_Party\game.h(98,35): error C2146: syntax error: missing ')' before identifier 'position'
C:\Users\jazzt\Documents\GitHub\Skeleton-Party\Skeleton_Party\game.h(98,35): error C2061: syntax error: identifier 'position'
C:\Users\jazzt\Documents\GitHub\Skeleton-Party\Skeleton_Party\game.h(98,35): error C2059: syntax error: ';'
C:\Users\jazzt\Documents\GitHub\Skeleton-Party\Skeleton_Party\game.h(98,43): error C2059: syntax error: ','
C:\Users\jazzt\Documents\GitHub\Skeleton-Party\Skeleton_Party\game.h(98,56): error C2059: syntax error: ')'
C:\Users\jazzt\Documents\GitHub\Skeleton-Party\Skeleton_Party\game.h(107,32): error C2146: syntax error: missing ')' before identifier 'enemy'
C:\Users\jazzt\Documents\GitHub\Skeleton-Party\Skeleton_Party\game.h(107,32): error C2061: syntax error: identifier 'enemy'
C:\Users\jazzt\Documents\GitHub\Skeleton-Party\Skeleton_Party\game.h(107,32): error C2059: syntax error: ';'
C:\Users\jazzt\Documents\GitHub\Skeleton-Party\Skeleton_Party\game.h(107,37): error C2059: syntax error: ','
C:\Users\jazzt\Documents\GitHub\Skeleton-Party\Skeleton_Party\game.h(107,89): error C2059: syntax error: ')'
C:\Users\jazzt\Documents\GitHub\Skeleton-Party\Skeleton_Party\game.h(116,11): error C2061: syntax error: identifier 'enemy_moving_up_down_left_right'
C:\Users\jazzt\Documents\GitHub\Skeleton-Party\Skeleton_Party\game.h(116,11): error C2059: syntax error: ';'
C:\Users\jazzt\Documents\GitHub\Skeleton-Party\Skeleton_Party\game.h(116,53): error C2146: syntax error: missing ')' before identifier 'enemy_current'
C:\Users\jazzt\Documents\GitHub\Skeleton-Party\Skeleton_Party\game.h(116,53): error C2061: syntax error: identifier 'enemy_current'
C:\Users\jazzt\Documents\GitHub\Skeleton-Party\Skeleton_Party\game.h(116,66): error C2059: syntax error: ','
C:\Users\jazzt\Documents\GitHub\Skeleton-Party\Skeleton_Party\game.h(116,122): error C2059: syntax error: ')'
C:\Users\jazzt\Documents\GitHub\Skeleton-Party\Skeleton_Party\game.h(118,37): error C2146: syntax error: missing ')' before identifier 'mid_position'
C:\Users\jazzt\Documents\GitHub\Skeleton-Party\Skeleton_Party\game.h(118,37): error C2061: syntax error: identifier 'mid_position'
C:\Users\jazzt\Documents\GitHub\Skeleton-Party\Skeleton_Party\game.h(118,37): error C2059: syntax error: ';'
C:\Users\jazzt\Documents\GitHub\Skeleton-Party\Skeleton_Party\game.h(118,49): error C2059: syntax error: ','
C:\Users\jazzt\Documents\GitHub\Skeleton-Party\Skeleton_Party\game.h(118,98): error C2059: syntax error: ')'
C:\Users\jazzt\Documents\GitHub\Skeleton-Party\Skeleton_Party\game.h(122,28): error C2146: syntax error: missing ')' before identifier 'sprite_position'
C:\Users\jazzt\Documents\GitHub\Skeleton-Party\Skeleton_Party\game.h(122,28): error C2061: syntax error: identifier 'sprite_position'
C:\Users\jazzt\Documents\GitHub\Skeleton-Party\Skeleton_Party\game.h(122,28): error C2059: syntax error: ';'
C:\Users\jazzt\Documents\GitHub\Skeleton-Party\Skeleton_Party\game.h(122,43): error C2059: syntax error: ')'
C:\Users\jazzt\Documents\GitHub\Skeleton-Party\Skeleton_Party\game.h(132,6): error C2061: syntax error: identifier 'check_enemy_collide'
C:\Users\jazzt\Documents\GitHub\Skeleton-Party\Skeleton_Party\game.h(132,6): error C2059: syntax error: ';'
C:\Users\jazzt\Documents\GitHub\Skeleton-Party\Skeleton_Party\game.h(132,32): error C2059: syntax error: '<parameter-list>'
C:\Users\jazzt\Documents\GitHub\Skeleton-Party\Skeleton_Party\CProcessing\inc\cprocessing_common.h(78,29): warning C4142: 'CP_BOOL': benign redefinition of type
C:\Program Files (x86)\Windows Kits\10\Include\10.0.19041.0\shared\minwindef.h(157): message : see declaration of 'CP_BOOL'
C:\Users\jazzt\Documents\GitHub\Skeleton-Party\Skeleton_Party\Enemy_array.c(130,19): warning C4013: 'printf' undefined; assuming extern returning int
